<?xml version="1.0" encoding="UTF-8"?>
<!-- Generated by org.testng.reporters.JUnitReportReporter -->
<testsuite hostname="LAPTOP-6VIHB4BO" failures="0" tests="3" name="com.mycompany.app.may_selenium_23.DPTest" time="55.758" errors="0" timestamp="2022-11-04T15:08:21 IST" skipped="0">
  <testcase classname="com.mycompany.app.may_selenium_23.DPTest" name="f" time="18.679"/>
  <system-out/>
  <testcase classname="com.mycompany.app.may_selenium_23.DPTest" name="f" time="23.574"/>
  <system-out/>
  <testcase classname="com.mycompany.app.may_selenium_23.DPTest" name="f" time="13.505"/>
  <system-out/>
</testsuite> <!-- com.mycompany.app.may_selenium_23.DPTest -->
