<?xml version="1.0" encoding="UTF-8"?>
<!-- Generated by org.testng.reporters.JUnitReportReporter -->
<testsuite hostname="LAPTOP-6VIHB4BO" failures="0" tests="1" name="com.mycompany.app.may_selenium_23.AppTest" time="0.004" errors="0" timestamp="2022-11-04T14:53:18 IST" skipped="0">
  <testcase classname="com.mycompany.app.may_selenium_23.AppTest" name="shouldAnswerWithTrue" time="0.004"/>
  <system-out/>
</testsuite> <!-- com.mycompany.app.may_selenium_23.AppTest -->
